<?xml version="1.0" encoding="UTF-8"?>
<!-- Generated by org.testng.reporters.JUnitReportReporter -->
<testsuite skipped="0" hostname="Dream" name="com.web.weatherShopper.RunPaymentPage" tests="1" failures="0" timestamp="14 Jun 2020 18:27:19 GMT" time="67.303" errors="0">
  <testcase name="additemToPayment" time="67.303" classname="com.web.weatherShopper.RunPaymentPage"/>
</testsuite> <!-- com.web.weatherShopper.RunPaymentPage -->
