<?xml version="1.0" encoding="UTF-8"?>
<!-- Generated by org.testng.reporters.JUnitReportReporter -->
<testsuite skipped="0" hostname="Dream" name="com.web.weatherShopper.AppTest" tests="1" failures="0" timestamp="12 Jun 2020 16:01:48 GMT" time="0.023" errors="0">
  <testcase name="shouldAnswerWithTrue" time="0.023" classname="com.web.weatherShopper.AppTest"/>
</testsuite> <!-- com.web.weatherShopper.AppTest -->
